[2025-11-26 23:11:06] [INFO    ] discord.client: logging in using static token
[2025-11-26 23:11:07] [DEBUG   ] discord.http: GET https://discord.com/api/v10/users/@me with None has returned 200
[2025-11-26 23:11:07] [DEBUG   ] discord.http: GET /users/@me has found its initial rate limit bucket hash (78bb8553d9352a5a2f89f9def401287a).
[2025-11-26 23:11:07] [DEBUG   ] discord.http: GET https://discord.com/api/v10/users/@me has received {'id': '1432391707496026265', 'username': 'MetabeeBOT', 'avatar': 'aac83d8eab26cb2da85c2fdaf867c376', 'discriminator': '9543', 'public_flags': 0, 'flags': 0, 'bot': True, 'banner': '23d5b1d5fd082664b16b298ec538e381', 'accent_color': None, 'global_name': None, 'avatar_decoration_data': None, 'collectibles': None, 'display_name_styles': None, 'banner_color': None, 'clan': None, 'primary_guild': None, 'mfa_enabled': False, 'locale': 'en-US', 'premium_type': 0, 'email': None, 'verified': True, 'bio': ''}
[2025-11-26 23:11:07] [DEBUG   ] discord.http: GET https://discord.com/api/v10/oauth2/applications/@me with None has returned 200
[2025-11-26 23:11:07] [DEBUG   ] discord.http: GET /oauth2/applications/@me has found its initial rate limit bucket hash (d28a133af187e91d71d96a223467ce49).
[2025-11-26 23:11:07] [DEBUG   ] discord.http: GET https://discord.com/api/v10/oauth2/applications/@me has received {'id': '1432391707496026265', 'name': 'MetabeeBOT', 'icon': 'aac83d8eab26cb2da85c2fdaf867c376', 'description': '!ajuda para comandos', 'type': None, 'bot': {'id': '1432391707496026265', 'username': 'MetabeeBOT', 'avatar': 'aac83d8eab26cb2da85c2fdaf867c376', 'discriminator': '9543', 'public_flags': 0, 'flags': 0, 'bot': True, 'banner': '23d5b1d5fd082664b16b298ec538e381', 'accent_color': None, 'global_name': None, 'avatar_decoration_data': None, 'collectibles': None, 'display_name_styles': None, 'banner_color': None, 'clan': None, 'primary_guild': None}, 'summary': '', 'is_monetized': False, 'is_verified': False, 'is_discoverable': False, 'bot_public': True, 'bot_require_code_grant': False, 'install_params': {'scopes': ['applications.commands'], 'permissions': '0'}, 'integration_types_config': {'0': {'oauth2_install_params': {'scopes': ['applications.commands'], 'permissions': '0'}}, '1': {'oauth2_install_params': {'scopes': ['applications.commands'], 'permissions': '0'}}}, 'verify_key': 'bfadbb21ff30cdd3f70df1b0c43981f1ea8d93943f62bd93b8211ac86ee7ff86', 'flags': 19431424, 'hook': True, 'storefront_available': False, 'redirect_uris': [], 'interactions_endpoint_url': None, 'role_connections_verification_url': None, 'owner': {'id': '497067650346909727', 'username': 'nearo_', 'avatar': 'e9155866d025d3ad7697eef1dcf37291', 'discriminator': '0', 'public_flags': 4194560, 'flags': 4194560, 'banner': None, 'accent_color': 5966604, 'global_name': 'nearo', 'avatar_decoration_data': None, 'collectibles': None, 'display_name_styles': None, 'banner_color': '#5b0b0c', 'clan': {'identity_guild_id': '98226572468690944', 'identity_enabled': True, 'tag': 'osu!', 'badge': 'de1358870029aa9dae56e10c35a9c65d'}, 'primary_guild': {'identity_guild_id': '98226572468690944', 'identity_enabled': True, 'tag': 'osu!', 'badge': 'de1358870029aa9dae56e10c35a9c65d'}}, 'approximate_guild_count': 1, 'approximate_user_install_count': 0, 'approximate_user_authorization_count': 0, 'interactions_event_types': [], 'interactions_version': 1, 'explicit_content_filter': 0, 'rpc_application_state': 0, 'store_application_state': 1, 'verification_state': 1, 'integration_public': True, 'integration_require_code_grant': False, 'discoverability_state': 1, 'discovery_eligibility_flags': 484, 'monetization_state': 1, 'verification_eligibility_flags': 91036, 'monetization_eligibility_flags': 181988, 'bot_approximate_guild_count': 1, 'team': None, 'internal_guild_restriction': 2, 'approved_consoles': [], 'pricing_localization_strategy': 'localized_price_sets'}
[2025-11-26 23:11:07] [DEBUG   ] discord.gateway: Created websocket connected to wss://gateway.discord.gg/
[2025-11-26 23:11:07] [DEBUG   ] discord.gateway: For Shard ID None: WebSocket Event: {'t': None, 's': None, 'op': 10, 'd': {'heartbeat_interval': 41250, '_trace': ['["gateway-prd-arm-us-east1-c-3zvt",{"micros":0.0}]']}}
[2025-11-26 23:11:07] [DEBUG   ] discord.gateway: Shard ID None has sent the IDENTIFY payload.
[2025-11-26 23:11:07] [DEBUG   ] discord.gateway: For Shard ID None: WebSocket Event: {'t': None, 's': None, 'op': 11, 'd': None}
[2025-11-26 23:11:07] [DEBUG   ] discord.gateway: For Shard ID None: WebSocket Event: {'t': 'READY', 's': 1, 'op': 0, 'd': {'v': 10, 'user_settings': {}, 'user': {'verified': True, 'username': 'MetabeeBOT', 'primary_guild': None, 'mfa_enabled': False, 'id': '1432391707496026265', 'global_name': None, 'flags': 0, 'email': None, 'discriminator': '9543', 'clan': None, 'bot': True, 'avatar': 'aac83d8eab26cb2da85c2fdaf867c376'}, 'session_type': 'normal', 'session_id': 'fbf18bacb52c9bcebb5f69de2c9a31f7', 'resume_gateway_url': 'wss://gateway-us-east1-c.discord.gg', 'relationships': [], 'private_channels': [], 'presences': [], 'guilds': [{'unavailable': True, 'id': '1235268950418260179'}], 'guild_join_requests': [], 'geo_ordered_rtc_regions': ['brazil', 'buenos-aires', 'santiago', 'atlanta', 'southafrica'], 'game_relationships': [], 'auth': {}, 'application': {'id': '1432391707496026265', 'flags': 19431424}, '_trace': ['["gateway-prd-arm-us-east1-c-3zvt",{"micros":210182,"calls":["id_created",{"micros":537,"calls":[]},"session_lookup_time",{"micros":256,"calls":[]},"session_lookup_finished",{"micros":10,"calls":[]},"discord-sessions-prd-2-161",{"micros":209065,"calls":["start_session",{"micros":198022,"calls":["discord-api-rpc-5f86fff49c-7n72v",{"micros":111427,"calls":["get_user",{"micros":27425},"get_guilds",{"micros":3870},"send_scheduled_deletion_message",{"micros":27},"guild_join_requests",{"micros":9928},"authorized_ip_coro",{"micros":17},"pending_payments",{"micros":57520},"apex_experiments",{"micros":5169},"user_activities",{"micros":66},"played_application_ids",{"micros":8},"linked_users",{"micros":5}]}]},"starting_guild_connect",{"micros":36,"calls":[]},"presence_started",{"micros":6477,"calls":[]},"guilds_started",{"micros":70,"calls":[]},"lobbies_started",{"micros":1,"calls":[]},"guilds_connect",{"micros":1,"calls":[]},"presence_connect",{"micros":4390,"calls":[]},"connect_finished",{"micros":4399,"calls":[]},"build_ready",{"micros":13,"calls":[]},"clean_ready",{"micros":38,"calls":[]},"optimize_ready",{"micros":0,"calls":[]},"split_ready",{"micros":8,"calls":[]}]}]}]']}}
[2025-11-26 23:11:07] [DEBUG   ] discord.client: Dispatching event socket_event_type
[2025-11-26 23:11:07] [INFO    ] discord.gateway: Shard ID None has connected to Gateway (Session ID: fbf18bacb52c9bcebb5f69de2c9a31f7).
[2025-11-26 23:11:07] [DEBUG   ] discord.client: Dispatching event connect
[2025-11-26 23:11:07] [DEBUG   ] discord.gateway: For Shard ID None: WebSocket Event: {'t': 'GUILD_CREATE', 's': 2, 'op': 0, 'd': {'afk_channel_id': None, 'inventory_settings': None, 'home_header': None, 'hub_type': None, 'afk_timeout': 300, 'members': [{'user': {'username': 'MetabeeBOT', 'public_flags': 0, 'primary_guild': None, 'id': '1432391707496026265', 'global_name': None, 'display_name_styles': None, 'display_name': None, 'discriminator': '9543', 'collectibles': None, 'bot': True, 'avatar_decoration_data': None, 'avatar': 'aac83d8eab26cb2da85c2fdaf867c376'}, 'roles': ['1432394387740168317'], 'premium_since': None, 'pending': False, 'nick': None, 'mute': False, 'joined_at': '2025-10-27T15:43:54.788798+00:00', 'flags': 0, 'deaf': False, 'communication_disabled_until': None, 'banner': None, 'avatar': None}], 'profile': None, 'safety_alerts_channel_id': None, 'voice_states': [], 'default_message_notifications': 1, 'soundboard_sounds': [], 'verification_level': 1, 'discovery_splash': None, 'stage_instances': [], 'premium_subscription_count': 0, 'preferred_locale': 'en-US', 'rules_channel_id': '1235269197395791964', 'id': '1235268950418260179', 'stickers': [], 'name': 'Aa', 'channels': [{'version': 1714581468124, 'type': 4, 'position': 0, 'permission_overwrites': [], 'name': 'Text Channels', 'id': '1235268951026700331', 'flags': 0}, {'version': 1714581468155, 'type': 4, 'position': 0, 'permission_overwrites': [], 'name': 'Voice Channels', 'id': '1235268951026700332', 'flags': 0}, {'version': 1714581468163, 'type': 0, 'topic': None, 'rate_limit_per_user': 0, 'position': 0, 'permission_overwrites': [], 'parent_id': '1235268951026700331', 'name': 'general', 'last_message_id': '1432394388884951142', 'id': '1235268951026700333', 'icon_emoji': {'name': '👋', 'id': None}, 'flags': 0}, {'version': 1714581468172, 'user_limit': 0, 'type': 2, 'status': None, 'rtc_region': None, 'rate_limit_per_user': 0, 'position': 0, 'permission_overwrites': [], 'parent_id': '1235268951026700332', 'name': 'General', 'last_message_id': '1314012818730778625', 'id': '1235268951026700334', 'icon_emoji': {'name': '🎙️', 'id': None}, 'flags': 0, 'bitrate': 64000}, {'version': 1714581526882, 'type': 0, 'topic': None, 'rate_limit_per_user': 0, 'position': 0, 'permission_overwrites': [{'type': 0, 'id': '1235268950418260179', 'deny': '2048', 'allow': '0'}], 'name': 'rules', 'last_message_id': None, 'id': '1235269197395791964', 'flags': 0}, {'version': 1714581526955, 'type': 0, 'topic': None, 'rate_limit_per_user': 0, 'position': 0, 'permission_overwrites': [{'type': 0, 'id': '1235268950418260179', 'deny': '1024', 'allow': '0'}], 'name': 'moderator-only', 'last_message_id': '1436534455757181143', 'id': '1235269197395791965', 'flags': 0}, {'version': 1744494507039, 'type': 0, 'topic': None, 'rate_limit_per_user': 0, 'position': 1, 'permission_overwrites': [], 'parent_id': '1235268951026700331', 'nsfw': False, 'name': 'bots', 'last_message_id': '1443422331971309649', 'id': '1360733329841979513', 'flags': 0}, {'version': 1749916566683, 'type': 0, 'topic': None, 'rate_limit_per_user': 0, 'position': 2, 'permission_overwrites': [], 'parent_id': '1235268951026700331', 'nsfw': False, 'name': 'simulate', 'last_message_id': '1383476146397511702', 'id': '1383475095992926329', 'flags': 0}], 'mfa_level': 0, 'nsfw_level': 0, 'embedded_activities': [], 'threads': [], 'owner_id': '497067650346909727', 'region': 'deprecated', 'emojis': [], 'max_stage_video_channel_users': 50, 'presences': [], 'description': None, 'splash': None, 'activity_instances': [], 'nsfw': False, 'application_command_counts': {}, 'lazy': True, 'icon': 'aca8cc6aa91aa2a60096f9ca82190b10', 'system_channel_flags': 0, 'joined_at': '2025-10-27T15:43:54.788798+00:00', 'max_members': 25000000, 'max_video_channel_users': 25, 'vanity_url_code': None, 'premium_progress_bar_enabled': False, 'moderator_reporting': None, 'public_updates_channel_id': '1235269197395791965', 'system_channel_id': '1235268951026700333', 'incidents_data': None, 'premium_features': None, 'latest_onboarding_question_id': None, 'application_id': None, 'banner': None, 'owner_configured_content_level': None, 'features': ['NEWS', 'COMMUNITY'], 'member_count': 8, 'large': False, 'premium_tier': 0, 'version': 1743892450946, 'explicit_content_filter': 2, 'roles': [{'version': 1714581526465, 'unicode_emoji': None, 'tags': {}, 'position': 0, 'permissions': '2222085186637377', 'name': '@everyone', 'mentionable': False, 'managed': False, 'id': '1235268950418260179', 'icon': None, 'hoist': False, 'flags': 0, 'colors': {'tertiary_color': None, 'secondary_color': None, 'primary_color': 0}, 'color': 0}, {'version': 1714842226840, 'unicode_emoji': None, 'tags': {'bot_id': '1235269725882417343'}, 'position': 3, 'permissions': '8', 'name': 'Nearo', 'mentionable': False, 'managed': True, 'id': '1235270607013417162', 'icon': None, 'hoist': False, 'flags': 0, 'colors': {'tertiary_color': None, 'secondary_color': None, 'primary_color': 16711915}, 'color': 16711915}, {'version': 1714842212475, 'unicode_emoji': None, 'tags': {}, 'position': 2, 'permissions': '8', 'name': 'role1', 'mentionable': False, 'managed': False, 'id': '1235276689722970191', 'icon': None, 'hoist': True, 'flags': 0, 'colors': {'tertiary_color': None, 'secondary_color': None, 'primary_color': 65509}, 'color': 65509}, {'version': 1714677580124, 'unicode_emoji': None, 'tags': {'bot_id': '1235668873290842255'}, 'position': 1, 'permissions': '8', 'name': 'botzada', 'mentionable': False, 'managed': True, 'id': '1235672073746125012', 'icon': None, 'hoist': False, 'flags': 0, 'colors': {'tertiary_color': None, 'secondary_color': None, 'primary_color': 0}, 'color': 0}, {'version': 1738111573021, 'unicode_emoji': None, 'tags': {'bot_id': '289066747443675143'}, 'position': 1, 'permissions': '414501424448', 'name': 'owo', 'mentionable': False, 'managed': True, 'id': '1333961363973738542', 'icon': None, 'hoist': False, 'flags': 0, 'colors': {'tertiary_color': None, 'secondary_color': None, 'primary_color': 0}, 'color': 0}, {'version': 1738111672729, 'unicode_emoji': None, 'tags': {'bot_id': '297073686916366336'}, 'position': 1, 'permissions': '309238025216', 'name': 'Bathbot', 'mentionable': False, 'managed': True, 'id': '1333961782108225550', 'icon': None, 'hoist': False, 'flags': 0, 'colors': {'tertiary_color': None, 'secondary_color': None, 'primary_color': 0}, 'color': 0}, {'version': 1761579834757, 'unicode_emoji': None, 'tags': {'bot_id': '1432391707496026265'}, 'position': 1, 'permissions': '3941734153713728', 'name': 'MetabeeBOT', 'mentionable': False, 'managed': True, 'id': '1432394387740168317', 'icon': None, 'hoist': False, 'flags': 0, 'colors': {'tertiary_color': None, 'secondary_color': None, 'primary_color': 0}, 'color': 0}], 'unavailable': False, 'guild_scheduled_events': []}}
[2025-11-26 23:11:07] [DEBUG   ] discord.client: Dispatching event socket_event_type
[2025-11-26 23:11:08] [DEBUG   ] discord.gateway: For Shard ID None: WebSocket Event: {'t': 'GUILD_MEMBERS_CHUNK', 's': 3, 'op': 0, 'd': {'nonce': '340f49c65b5b79e8086317a8d5ac7a96', 'members': [{'user': {'username': 'owo', 'public_flags': 65536, 'primary_guild': None, 'id': '289066747443675143', 'global_name': None, 'display_name_styles': None, 'display_name': None, 'discriminator': '0498', 'collectibles': None, 'bot': True, 'avatar_decoration_data': None, 'avatar': '0d8ad3a7a6b0a56f3527019c00ccc4b0'}, 'roles': ['1333961363973738542'], 'premium_since': None, 'pending': False, 'nick': None, 'mute': False, 'joined_at': '2025-01-29T00:46:13.054000+00:00', 'flags': 0, 'deaf': False, 'communication_disabled_until': None, 'banner': None, 'avatar': None}, {'user': {'username': 'Bathbot', 'public_flags': 65536, 'primary_guild': None, 'id': '297073686916366336', 'global_name': None, 'display_name_styles': None, 'display_name': None, 'discriminator': '0459', 'collectibles': None, 'bot': True, 'avatar_decoration_data': None, 'avatar': '2ceabe1817f29638bedb49085e5731e4'}, 'roles': ['1333961782108225550'], 'premium_since': None, 'pending': False, 'nick': None, 'mute': False, 'joined_at': '2025-01-29T00:47:52.756000+00:00', 'flags': 0, 'deaf': False, 'communication_disabled_until': None, 'banner': None, 'avatar': None}, {'user': {'username': 'nearo_', 'public_flags': 4194560, 'primary_guild': {'tag': 'osu!', 'identity_guild_id': '98226572468690944', 'identity_enabled': True, 'badge': 'de1358870029aa9dae56e10c35a9c65d'}, 'id': '497067650346909727', 'global_name': 'nearo', 'display_name_styles': None, 'display_name': 'nearo', 'discriminator': '0', 'collectibles': None, 'bot': False, 'avatar_decoration_data': None, 'avatar': 'e9155866d025d3ad7697eef1dcf37291'}, 'roles': [], 'premium_since': None, 'pending': False, 'nick': None, 'mute': False, 'joined_at': '2024-05-01T16:37:47.998000+00:00', 'flags': 0, 'deaf': False, 'communication_disabled_until': None, 'banner': None, 'avatar': None}, {'user': {'username': 'Nearo', 'public_flags': 0, 'primary_guild': None, 'id': '1235269725882417343', 'global_name': None, 'display_name_styles': None, 'display_name': None, 'discriminator': '0480', 'collectibles': None, 'bot': True, 'avatar_decoration_data': None, 'avatar': 'a0e965861bad17d2730c051bbac88b6f'}, 'roles': ['1235270607013417162'], 'premium_since': None, 'pending': False, 'nick': None, 'mute': False, 'joined_at': '2024-05-01T16:44:22.954000+00:00', 'flags': 0, 'deaf': False, 'communication_disabled_until': None, 'banner': None, 'avatar': None}, {'user': {'username': 'nearo2', 'public_flags': 0, 'primary_guild': None, 'id': '1235274934016676062', 'global_name': 'Nearo2', 'display_name_styles': None, 'display_name': 'Nearo2', 'discriminator': '0', 'collectibles': None, 'bot': False, 'avatar_decoration_data': None, 'avatar': '79ee349b6511e2000af8a32fb8a6974e'}, 'roles': ['1235276689722970191'], 'premium_since': None, 'pending': False, 'nick': None, 'mute': False, 'joined_at': '2024-05-01T17:04:38.589000+00:00', 'flags': 0, 'deaf': False, 'communication_disabled_until': None, 'banner': None, 'avatar': None}, {'user': {'username': 'botzada', 'public_flags': 0, 'primary_guild': None, 'id': '1235668873290842255', 'global_name': None, 'display_name_styles': None, 'display_name': None, 'discriminator': '7414', 'collectibles': None, 'bot': True, 'avatar_decoration_data': None, 'avatar': '2824436df1cf34f56eead591e2f2732b'}, 'roles': ['1235672073746125012'], 'premium_since': None, 'pending': False, 'nick': None, 'mute': False, 'joined_at': '2024-05-02T19:19:40.157000+00:00', 'flags': 0, 'deaf': False, 'communication_disabled_until': None, 'banner': None, 'avatar': None}, {'user': {'username': 'eillish', 'public_flags': 0, 'primary_guild': None, 'id': '1422276969826881566', 'global_name': None, 'display_name_styles': None, 'display_name': None, 'discriminator': '2758', 'collectibles': None, 'bot': True, 'avatar_decoration_data': None, 'avatar': None}, 'roles': [], 'premium_since': None, 'pending': False, 'nick': None, 'mute': False, 'joined_at': '2025-09-29T17:42:14.152090+00:00', 'flags': 0, 'deaf': False, 'communication_disabled_until': None, 'banner': None, 'avatar': None}, {'user': {'username': 'MetabeeBOT', 'public_flags': 0, 'primary_guild': None, 'id': '1432391707496026265', 'global_name': None, 'display_name_styles': None, 'display_name': None, 'discriminator': '9543', 'collectibles': None, 'bot': True, 'avatar_decoration_data': None, 'avatar': 'aac83d8eab26cb2da85c2fdaf867c376'}, 'roles': ['1432394387740168317'], 'premium_since': None, 'pending': False, 'nick': None, 'mute': False, 'joined_at': '2025-10-27T15:43:54.788798+00:00', 'flags': 0, 'deaf': False, 'communication_disabled_until': None, 'banner': None, 'avatar': None}], 'guild_id': '1235268950418260179', 'chunk_index': 0, 'chunk_count': 1}}
[2025-11-26 23:11:08] [DEBUG   ] discord.client: Dispatching event socket_event_type
[2025-11-26 23:11:08] [DEBUG   ] discord.state: Processed a chunk for 8 members in guild ID 1235268950418260179.
[2025-11-26 23:11:09] [DEBUG   ] discord.client: Dispatching event guild_available
[2025-11-26 23:11:09] [DEBUG   ] discord.client: Dispatching event ready
[2025-11-26 23:11:10] [DEBUG   ] discord.http: PUT https://discord.com/api/v10/applications/1432391707496026265/commands with [] has returned 200
[2025-11-26 23:11:10] [DEBUG   ] discord.http: PUT /applications/{application_id}/commands has found its initial rate limit bucket hash (3e32a240d3716487d7d8f6dae6c54f6b).
[2025-11-26 23:11:10] [DEBUG   ] discord.http: PUT https://discord.com/api/v10/applications/1432391707496026265/commands has received []
[2025-11-26 23:11:15] [DEBUG   ] discord.gateway: For Shard ID None: WebSocket Event: {'t': 'TYPING_START', 's': 4, 'op': 0, 'd': {'user_id': '497067650346909727', 'timestamp': 1764209471, 'member': {'user': {'username': 'nearo_', 'public_flags': 4194560, 'primary_guild': {'tag': 'osu!', 'identity_guild_id': '98226572468690944', 'identity_enabled': True, 'badge': 'de1358870029aa9dae56e10c35a9c65d'}, 'id': '497067650346909727', 'global_name': 'nearo', 'display_name_styles': None, 'display_name': 'nearo', 'discriminator': '0', 'collectibles': None, 'bot': False, 'avatar_decoration_data': None, 'avatar': 'e9155866d025d3ad7697eef1dcf37291'}, 'roles': [], 'premium_since': None, 'pending': False, 'nick': None, 'mute': False, 'joined_at': '2024-05-01T16:37:47.998000+00:00', 'flags': 0, 'deaf': False, 'communication_disabled_until': None, 'banner': None, 'avatar': None}, 'channel_id': '1360733329841979513', 'guild_id': '1235268950418260179'}}
[2025-11-26 23:11:15] [DEBUG   ] discord.client: Dispatching event socket_event_type
[2025-11-26 23:11:15] [DEBUG   ] discord.client: Dispatching event typing
[2025-11-26 23:11:15] [DEBUG   ] discord.client: Dispatching event raw_typing
[2025-11-26 23:11:18] [DEBUG   ] discord.gateway: For Shard ID None: WebSocket Event: {'t': 'MESSAGE_CREATE', 's': 5, 'op': 0, 'd': {'type': 0, 'tts': False, 'timestamp': '2025-11-27T02:11:14.724000+00:00', 'pinned': False, 'nonce': '1443423913768910848', 'mentions': [], 'mention_roles': [], 'mention_everyone': False, 'member': {'roles': [], 'premium_since': None, 'pending': False, 'nick': None, 'mute': False, 'joined_at': '2024-05-01T16:37:47.998000+00:00', 'flags': 0, 'deaf': False, 'communication_disabled_until': None, 'banner': None, 'avatar': None}, 'id': '1443423897671307306', 'flags': 0, 'embeds': [], 'edited_timestamp': None, 'content': '!todas_impressoras', 'components': [], 'channel_type': 0, 'channel_id': '1360733329841979513', 'author': {'username': 'nearo_', 'public_flags': 4194560, 'primary_guild': {'tag': 'osu!', 'identity_guild_id': '98226572468690944', 'identity_enabled': True, 'badge': 'de1358870029aa9dae56e10c35a9c65d'}, 'id': '497067650346909727', 'global_name': 'nearo', 'display_name_styles': None, 'discriminator': '0', 'collectibles': None, 'clan': {'tag': 'osu!', 'identity_guild_id': '98226572468690944', 'identity_enabled': True, 'badge': 'de1358870029aa9dae56e10c35a9c65d'}, 'avatar_decoration_data': None, 'avatar': 'e9155866d025d3ad7697eef1dcf37291'}, 'attachments': [], 'guild_id': '1235268950418260179'}}
[2025-11-26 23:11:18] [DEBUG   ] discord.client: Dispatching event socket_event_type
[2025-11-26 23:11:18] [DEBUG   ] discord.client: Dispatching event message
[2025-11-26 23:11:18] [DEBUG   ] discord.client: Dispatching event command
[2025-11-26 23:11:19] [DEBUG   ] discord.gateway: For Shard ID None: WebSocket Event: {'t': 'MESSAGE_CREATE', 's': 6, 'op': 0, 'd': {'type': 0, 'tts': False, 'timestamp': '2025-11-27T02:11:15.147000+00:00', 'pinned': False, 'nonce': '8528078938215620218', 'mentions': [{'username': 'nearo_', 'public_flags': 4194560, 'primary_guild': {'tag': 'osu!', 'identity_guild_id': '98226572468690944', 'identity_enabled': True, 'badge': 'de1358870029aa9dae56e10c35a9c65d'}, 'member': {'roles': [], 'premium_since': None, 'pending': False, 'nick': None, 'mute': False, 'joined_at': '2024-05-01T16:37:47.998000+00:00', 'flags': 0, 'deaf': False, 'communication_disabled_until': None, 'banner': None, 'avatar': None}, 'id': '497067650346909727', 'global_name': 'nearo', 'display_name_styles': None, 'discriminator': '0', 'collectibles': None, 'clan': {'tag': 'osu!', 'identity_guild_id': '98226572468690944', 'identity_enabled': True, 'badge': 'de1358870029aa9dae56e10c35a9c65d'}, 'avatar_decoration_data': None, 'avatar': 'e9155866d025d3ad7697eef1dcf37291'}], 'mention_roles': [], 'mention_everyone': False, 'member': {'roles': ['1432394387740168317'], 'premium_since': None, 'pending': False, 'nick': None, 'mute': False, 'joined_at': '2025-10-27T15:43:54.788798+00:00', 'flags': 0, 'deaf': False, 'communication_disabled_until': None, 'banner': None, 'avatar': None}, 'id': '1443423899445497928', 'flags': 0, 'embeds': [], 'edited_timestamp': None, 'content': "<@497067650346909727> Erro de conexão: cannot access local variable 'printer' where it is not associated with a value", 'components': [], 'channel_type': 0, 'channel_id': '1360733329841979513', 'author': {'username': 'MetabeeBOT', 'public_flags': 0, 'primary_guild': None, 'id': '1432391707496026265', 'global_name': None, 'display_name_styles': None, 'discriminator': '9543', 'collectibles': None, 'clan': None, 'bot': True, 'avatar_decoration_data': None, 'avatar': 'aac83d8eab26cb2da85c2fdaf867c376'}, 'attachments': [], 'guild_id': '1235268950418260179'}}
[2025-11-26 23:11:19] [DEBUG   ] discord.client: Dispatching event socket_event_type
[2025-11-26 23:11:19] [DEBUG   ] discord.client: Dispatching event message
[2025-11-26 23:11:19] [DEBUG   ] discord.http: POST https://discord.com/api/v10/channels/1360733329841979513/messages with {"content":"<@497067650346909727> Erro de conex\u00e3o: cannot access local variable 'printer' where it is not associated with a value","components":[],"nonce":"8528078938215620218","enforce_nonce":true,"tts":false} has returned 200
[2025-11-26 23:11:19] [DEBUG   ] discord.http: POST /channels/{channel_id}/messages has found its initial rate limit bucket hash (3df15bae86f6647dd4dfcbd5c6949480).
[2025-11-26 23:11:19] [DEBUG   ] discord.http: POST https://discord.com/api/v10/channels/1360733329841979513/messages has received {'type': 0, 'content': "<@497067650346909727> Erro de conexão: cannot access local variable 'printer' where it is not associated with a value", 'mentions': [{'id': '497067650346909727', 'username': 'nearo_', 'avatar': 'e9155866d025d3ad7697eef1dcf37291', 'discriminator': '0', 'public_flags': 4194560, 'flags': 4194560, 'banner': None, 'accent_color': 5966604, 'global_name': 'nearo', 'avatar_decoration_data': None, 'collectibles': None, 'display_name_styles': None, 'banner_color': '#5b0b0c', 'clan': {'identity_guild_id': '98226572468690944', 'identity_enabled': True, 'tag': 'osu!', 'badge': 'de1358870029aa9dae56e10c35a9c65d'}, 'primary_guild': {'identity_guild_id': '98226572468690944', 'identity_enabled': True, 'tag': 'osu!', 'badge': 'de1358870029aa9dae56e10c35a9c65d'}}], 'mention_roles': [], 'attachments': [], 'embeds': [], 'timestamp': '2025-11-27T02:11:15.147000+00:00', 'edited_timestamp': None, 'flags': 0, 'components': [], 'id': '1443423899445497928', 'channel_id': '1360733329841979513', 'author': {'id': '1432391707496026265', 'username': 'MetabeeBOT', 'avatar': 'aac83d8eab26cb2da85c2fdaf867c376', 'discriminator': '9543', 'public_flags': 0, 'flags': 0, 'bot': True, 'banner': '23d5b1d5fd082664b16b298ec538e381', 'accent_color': None, 'global_name': None, 'avatar_decoration_data': None, 'collectibles': None, 'display_name_styles': None, 'banner_color': None, 'clan': None, 'primary_guild': None}, 'pinned': False, 'mention_everyone': False, 'tts': False, 'nonce': '8528078938215620218'}
[2025-11-26 23:11:19] [DEBUG   ] discord.client: Dispatching event command_completion
[2025-11-26 23:11:37] [DEBUG   ] discord.gateway: For Shard ID None: WebSocket Event: {'t': 'MESSAGE_DELETE', 's': 7, 'op': 0, 'd': {'id': '1443420688663838833', 'channel_id': '1360733329841979513', 'guild_id': '1235268950418260179'}}
[2025-11-26 23:11:37] [DEBUG   ] discord.client: Dispatching event socket_event_type
[2025-11-26 23:11:37] [DEBUG   ] discord.client: Dispatching event raw_message_delete
[2025-11-26 23:11:41] [DEBUG   ] discord.gateway: For Shard ID None: WebSocket Event: {'t': 'MESSAGE_DELETE', 's': 8, 'op': 0, 'd': {'id': '1443420596527562774', 'channel_id': '1360733329841979513', 'guild_id': '1235268950418260179'}}
[2025-11-26 23:11:41] [DEBUG   ] discord.client: Dispatching event socket_event_type
[2025-11-26 23:11:41] [DEBUG   ] discord.client: Dispatching event raw_message_delete
[2025-11-26 23:11:48] [DEBUG   ] discord.gateway: Keeping shard ID None websocket alive with sequence 8.
[2025-11-26 23:11:48] [DEBUG   ] discord.gateway: For Shard ID None: WebSocket Event: {'t': None, 's': None, 'op': 11, 'd': None}
[2025-11-26 23:12:30] [DEBUG   ] discord.gateway: Keeping shard ID None websocket alive with sequence 8.
[2025-11-26 23:12:30] [DEBUG   ] discord.gateway: For Shard ID None: WebSocket Event: {'t': None, 's': None, 'op': 11, 'd': None}
[2025-11-26 23:13:11] [DEBUG   ] discord.gateway: Keeping shard ID None websocket alive with sequence 8.
[2025-11-26 23:13:11] [DEBUG   ] discord.gateway: For Shard ID None: WebSocket Event: {'t': None, 's': None, 'op': 11, 'd': None}
[2025-11-26 23:13:52] [DEBUG   ] discord.gateway: Keeping shard ID None websocket alive with sequence 8.
[2025-11-26 23:13:52] [DEBUG   ] discord.gateway: For Shard ID None: WebSocket Event: {'t': None, 's': None, 'op': 11, 'd': None}
[2025-11-26 23:14:33] [DEBUG   ] discord.gateway: Keeping shard ID None websocket alive with sequence 8.
[2025-11-26 23:14:33] [DEBUG   ] discord.gateway: For Shard ID None: WebSocket Event: {'t': None, 's': None, 'op': 11, 'd': None}
[2025-11-26 23:15:15] [DEBUG   ] discord.gateway: Keeping shard ID None websocket alive with sequence 8.
[2025-11-26 23:15:15] [DEBUG   ] discord.gateway: For Shard ID None: WebSocket Event: {'t': None, 's': None, 'op': 11, 'd': None}
[2025-11-26 23:15:56] [DEBUG   ] discord.gateway: Keeping shard ID None websocket alive with sequence 8.
[2025-11-26 23:15:56] [DEBUG   ] discord.gateway: For Shard ID None: WebSocket Event: {'t': None, 's': None, 'op': 11, 'd': None}
[2025-11-26 23:16:37] [DEBUG   ] discord.gateway: Keeping shard ID None websocket alive with sequence 8.
[2025-11-26 23:16:37] [DEBUG   ] discord.gateway: For Shard ID None: WebSocket Event: {'t': None, 's': None, 'op': 11, 'd': None}
[2025-11-26 23:17:18] [DEBUG   ] discord.gateway: Keeping shard ID None websocket alive with sequence 8.
[2025-11-26 23:17:19] [DEBUG   ] discord.gateway: For Shard ID None: WebSocket Event: {'t': None, 's': None, 'op': 11, 'd': None}
[2025-11-26 23:18:00] [DEBUG   ] discord.gateway: Keeping shard ID None websocket alive with sequence 8.
[2025-11-26 23:18:00] [DEBUG   ] discord.gateway: For Shard ID None: WebSocket Event: {'t': None, 's': None, 'op': 11, 'd': None}
[2025-11-26 23:18:41] [DEBUG   ] discord.gateway: Keeping shard ID None websocket alive with sequence 8.
[2025-11-26 23:18:41] [DEBUG   ] discord.gateway: For Shard ID None: WebSocket Event: {'t': None, 's': None, 'op': 11, 'd': None}
[2025-11-26 23:19:22] [DEBUG   ] discord.gateway: Keeping shard ID None websocket alive with sequence 8.
[2025-11-26 23:19:22] [DEBUG   ] discord.gateway: For Shard ID None: WebSocket Event: {'t': None, 's': None, 'op': 11, 'd': None}
[2025-11-26 23:20:03] [DEBUG   ] discord.gateway: Keeping shard ID None websocket alive with sequence 8.
[2025-11-26 23:20:04] [DEBUG   ] discord.gateway: For Shard ID None: WebSocket Event: {'t': None, 's': None, 'op': 11, 'd': None}
[2025-11-26 23:20:45] [DEBUG   ] discord.gateway: Keeping shard ID None websocket alive with sequence 8.
[2025-11-26 23:20:45] [DEBUG   ] discord.gateway: For Shard ID None: WebSocket Event: {'t': None, 's': None, 'op': 11, 'd': None}
[2025-11-26 23:21:26] [DEBUG   ] discord.gateway: Keeping shard ID None websocket alive with sequence 8.
[2025-11-26 23:21:26] [DEBUG   ] discord.gateway: For Shard ID None: WebSocket Event: {'t': None, 's': None, 'op': 11, 'd': None}
[2025-11-26 23:22:07] [DEBUG   ] discord.gateway: Keeping shard ID None websocket alive with sequence 8.
[2025-11-26 23:22:07] [DEBUG   ] discord.gateway: For Shard ID None: WebSocket Event: {'t': None, 's': None, 'op': 11, 'd': None}
[2025-11-26 23:22:48] [DEBUG   ] discord.gateway: Keeping shard ID None websocket alive with sequence 8.
[2025-11-26 23:22:49] [DEBUG   ] discord.gateway: For Shard ID None: WebSocket Event: {'t': None, 's': None, 'op': 11, 'd': None}
[2025-11-26 23:23:30] [DEBUG   ] discord.gateway: Keeping shard ID None websocket alive with sequence 8.
[2025-11-26 23:23:30] [DEBUG   ] discord.gateway: For Shard ID None: WebSocket Event: {'t': None, 's': None, 'op': 11, 'd': None}
[2025-11-26 23:24:11] [DEBUG   ] discord.gateway: Keeping shard ID None websocket alive with sequence 8.
[2025-11-26 23:24:11] [DEBUG   ] discord.gateway: For Shard ID None: WebSocket Event: {'t': None, 's': None, 'op': 11, 'd': None}
[2025-11-26 23:24:52] [DEBUG   ] discord.gateway: Keeping shard ID None websocket alive with sequence 8.
[2025-11-26 23:24:52] [DEBUG   ] discord.gateway: For Shard ID None: WebSocket Event: {'t': None, 's': None, 'op': 11, 'd': None}
[2025-11-26 23:25:33] [DEBUG   ] discord.gateway: Keeping shard ID None websocket alive with sequence 8.
[2025-11-26 23:25:34] [DEBUG   ] discord.gateway: For Shard ID None: WebSocket Event: {'t': None, 's': None, 'op': 11, 'd': None}
[2025-11-26 23:26:15] [DEBUG   ] discord.gateway: Keeping shard ID None websocket alive with sequence 8.
[2025-11-26 23:26:15] [DEBUG   ] discord.gateway: For Shard ID None: WebSocket Event: {'t': None, 's': None, 'op': 11, 'd': None}
[2025-11-26 23:26:56] [DEBUG   ] discord.gateway: Keeping shard ID None websocket alive with sequence 8.
[2025-11-26 23:26:56] [DEBUG   ] discord.gateway: For Shard ID None: WebSocket Event: {'t': None, 's': None, 'op': 11, 'd': None}
[2025-11-26 23:27:37] [DEBUG   ] discord.gateway: Keeping shard ID None websocket alive with sequence 8.
[2025-11-26 23:27:37] [DEBUG   ] discord.gateway: For Shard ID None: WebSocket Event: {'t': None, 's': None, 'op': 11, 'd': None}
[2025-11-26 23:28:18] [DEBUG   ] discord.gateway: Keeping shard ID None websocket alive with sequence 8.
[2025-11-26 23:28:19] [DEBUG   ] discord.gateway: For Shard ID None: WebSocket Event: {'t': None, 's': None, 'op': 11, 'd': None}
[2025-11-26 23:29:00] [DEBUG   ] discord.gateway: Keeping shard ID None websocket alive with sequence 8.
[2025-11-26 23:29:00] [DEBUG   ] discord.gateway: For Shard ID None: WebSocket Event: {'t': None, 's': None, 'op': 11, 'd': None}
[2025-11-26 23:29:41] [DEBUG   ] discord.gateway: Keeping shard ID None websocket alive with sequence 8.
[2025-11-26 23:29:41] [DEBUG   ] discord.gateway: For Shard ID None: WebSocket Event: {'t': None, 's': None, 'op': 11, 'd': None}
[2025-11-26 23:30:22] [DEBUG   ] discord.gateway: Keeping shard ID None websocket alive with sequence 8.
[2025-11-26 23:30:22] [DEBUG   ] discord.gateway: For Shard ID None: WebSocket Event: {'t': None, 's': None, 'op': 11, 'd': None}
[2025-11-26 23:31:04] [DEBUG   ] discord.gateway: Keeping shard ID None websocket alive with sequence 8.
[2025-11-26 23:31:04] [DEBUG   ] discord.gateway: For Shard ID None: WebSocket Event: {'t': None, 's': None, 'op': 11, 'd': None}
[2025-11-26 23:31:45] [DEBUG   ] discord.gateway: Keeping shard ID None websocket alive with sequence 8.
[2025-11-26 23:31:45] [DEBUG   ] discord.gateway: For Shard ID None: WebSocket Event: {'t': None, 's': None, 'op': 11, 'd': None}
[2025-11-26 23:32:26] [DEBUG   ] discord.gateway: Keeping shard ID None websocket alive with sequence 8.
[2025-11-26 23:32:26] [DEBUG   ] discord.gateway: For Shard ID None: WebSocket Event: {'t': None, 's': None, 'op': 11, 'd': None}
[2025-11-26 23:33:07] [DEBUG   ] discord.gateway: Keeping shard ID None websocket alive with sequence 8.
[2025-11-26 23:33:07] [DEBUG   ] discord.gateway: For Shard ID None: WebSocket Event: {'t': None, 's': None, 'op': 11, 'd': None}
[2025-11-26 23:33:49] [DEBUG   ] discord.gateway: Keeping shard ID None websocket alive with sequence 8.
[2025-11-26 23:33:49] [DEBUG   ] discord.gateway: For Shard ID None: WebSocket Event: {'t': None, 's': None, 'op': 11, 'd': None}
[2025-11-26 23:34:30] [DEBUG   ] discord.gateway: Keeping shard ID None websocket alive with sequence 8.
[2025-11-26 23:34:30] [DEBUG   ] discord.gateway: For Shard ID None: WebSocket Event: {'t': None, 's': None, 'op': 11, 'd': None}
[2025-11-26 23:35:11] [DEBUG   ] discord.gateway: Keeping shard ID None websocket alive with sequence 8.
[2025-11-26 23:35:11] [DEBUG   ] discord.gateway: For Shard ID None: WebSocket Event: {'t': None, 's': None, 'op': 11, 'd': None}
[2025-11-26 23:35:52] [DEBUG   ] discord.gateway: Keeping shard ID None websocket alive with sequence 8.
[2025-11-26 23:35:52] [DEBUG   ] discord.gateway: For Shard ID None: WebSocket Event: {'t': None, 's': None, 'op': 11, 'd': None}
[2025-11-26 23:36:34] [DEBUG   ] discord.gateway: Keeping shard ID None websocket alive with sequence 8.
[2025-11-26 23:36:34] [DEBUG   ] discord.gateway: For Shard ID None: WebSocket Event: {'t': None, 's': None, 'op': 11, 'd': None}
[2025-11-26 23:37:15] [DEBUG   ] discord.gateway: Keeping shard ID None websocket alive with sequence 8.
[2025-11-26 23:37:15] [DEBUG   ] discord.gateway: For Shard ID None: WebSocket Event: {'t': None, 's': None, 'op': 11, 'd': None}
[2025-11-26 23:37:56] [DEBUG   ] discord.gateway: Keeping shard ID None websocket alive with sequence 8.
[2025-11-26 23:37:56] [DEBUG   ] discord.gateway: For Shard ID None: WebSocket Event: {'t': None, 's': None, 'op': 11, 'd': None}
[2025-11-26 23:38:37] [DEBUG   ] discord.gateway: Keeping shard ID None websocket alive with sequence 8.
[2025-11-26 23:38:38] [DEBUG   ] discord.gateway: For Shard ID None: WebSocket Event: {'t': None, 's': None, 'op': 11, 'd': None}
[2025-11-26 23:39:19] [DEBUG   ] discord.gateway: Keeping shard ID None websocket alive with sequence 8.
[2025-11-26 23:39:19] [DEBUG   ] discord.gateway: For Shard ID None: WebSocket Event: {'t': None, 's': None, 'op': 11, 'd': None}
[2025-11-26 23:40:00] [DEBUG   ] discord.gateway: Keeping shard ID None websocket alive with sequence 8.
[2025-11-26 23:40:00] [DEBUG   ] discord.gateway: For Shard ID None: WebSocket Event: {'t': None, 's': None, 'op': 11, 'd': None}
[2025-11-26 23:40:41] [DEBUG   ] discord.gateway: Keeping shard ID None websocket alive with sequence 8.
[2025-11-26 23:40:41] [DEBUG   ] discord.gateway: For Shard ID None: WebSocket Event: {'t': None, 's': None, 'op': 11, 'd': None}
[2025-11-26 23:41:22] [DEBUG   ] discord.gateway: Keeping shard ID None websocket alive with sequence 8.
[2025-11-26 23:41:23] [DEBUG   ] discord.gateway: For Shard ID None: WebSocket Event: {'t': None, 's': None, 'op': 11, 'd': None}
[2025-11-26 23:42:04] [DEBUG   ] discord.gateway: Keeping shard ID None websocket alive with sequence 8.
[2025-11-26 23:42:04] [DEBUG   ] discord.gateway: For Shard ID None: WebSocket Event: {'t': None, 's': None, 'op': 11, 'd': None}
[2025-11-26 23:42:45] [DEBUG   ] discord.gateway: Keeping shard ID None websocket alive with sequence 8.
[2025-11-26 23:42:45] [DEBUG   ] discord.gateway: For Shard ID None: WebSocket Event: {'t': None, 's': None, 'op': 11, 'd': None}
[2025-11-26 23:43:26] [DEBUG   ] discord.gateway: Keeping shard ID None websocket alive with sequence 8.
[2025-11-26 23:43:26] [DEBUG   ] discord.gateway: For Shard ID None: WebSocket Event: {'t': None, 's': None, 'op': 11, 'd': None}
[2025-11-26 23:44:07] [DEBUG   ] discord.gateway: Keeping shard ID None websocket alive with sequence 8.
[2025-11-26 23:44:08] [DEBUG   ] discord.gateway: For Shard ID None: WebSocket Event: {'t': None, 's': None, 'op': 11, 'd': None}
[2025-11-26 23:44:49] [DEBUG   ] discord.gateway: Keeping shard ID None websocket alive with sequence 8.
[2025-11-26 23:44:49] [DEBUG   ] discord.gateway: For Shard ID None: WebSocket Event: {'t': None, 's': None, 'op': 11, 'd': None}
[2025-11-26 23:45:30] [DEBUG   ] discord.gateway: Keeping shard ID None websocket alive with sequence 8.
[2025-11-26 23:45:30] [DEBUG   ] discord.gateway: For Shard ID None: WebSocket Event: {'t': None, 's': None, 'op': 11, 'd': None}
[2025-11-26 23:46:11] [DEBUG   ] discord.gateway: Keeping shard ID None websocket alive with sequence 8.
[2025-11-26 23:46:11] [DEBUG   ] discord.gateway: For Shard ID None: WebSocket Event: {'t': None, 's': None, 'op': 11, 'd': None}
[2025-11-26 23:46:52] [DEBUG   ] discord.gateway: Keeping shard ID None websocket alive with sequence 8.
[2025-11-26 23:46:53] [DEBUG   ] discord.gateway: For Shard ID None: WebSocket Event: {'t': None, 's': None, 'op': 11, 'd': None}
[2025-11-26 23:47:34] [DEBUG   ] discord.gateway: Keeping shard ID None websocket alive with sequence 8.
[2025-11-26 23:47:34] [DEBUG   ] discord.gateway: For Shard ID None: WebSocket Event: {'t': None, 's': None, 'op': 11, 'd': None}
[2025-11-26 23:48:15] [DEBUG   ] discord.gateway: Keeping shard ID None websocket alive with sequence 8.
[2025-11-26 23:48:15] [DEBUG   ] discord.gateway: For Shard ID None: WebSocket Event: {'t': None, 's': None, 'op': 11, 'd': None}
[2025-11-26 23:48:56] [DEBUG   ] discord.gateway: Keeping shard ID None websocket alive with sequence 8.
[2025-11-26 23:48:56] [DEBUG   ] discord.gateway: For Shard ID None: WebSocket Event: {'t': None, 's': None, 'op': 11, 'd': None}
[2025-11-26 23:49:37] [DEBUG   ] discord.gateway: Keeping shard ID None websocket alive with sequence 8.
[2025-11-26 23:49:38] [DEBUG   ] discord.gateway: For Shard ID None: WebSocket Event: {'t': None, 's': None, 'op': 11, 'd': None}
[2025-11-26 23:50:19] [DEBUG   ] discord.gateway: Keeping shard ID None websocket alive with sequence 8.
[2025-11-26 23:50:19] [DEBUG   ] discord.gateway: For Shard ID None: WebSocket Event: {'t': None, 's': None, 'op': 11, 'd': None}
[2025-11-26 23:51:00] [DEBUG   ] discord.gateway: Keeping shard ID None websocket alive with sequence 8.
[2025-11-26 23:51:00] [DEBUG   ] discord.gateway: For Shard ID None: WebSocket Event: {'t': None, 's': None, 'op': 11, 'd': None}
[2025-11-26 23:51:41] [DEBUG   ] discord.gateway: Keeping shard ID None websocket alive with sequence 8.
[2025-11-26 23:51:41] [DEBUG   ] discord.gateway: For Shard ID None: WebSocket Event: {'t': None, 's': None, 'op': 11, 'd': None}
[2025-11-26 23:52:22] [DEBUG   ] discord.gateway: Keeping shard ID None websocket alive with sequence 8.
[2025-11-26 23:52:23] [DEBUG   ] discord.gateway: For Shard ID None: WebSocket Event: {'t': None, 's': None, 'op': 11, 'd': None}
[2025-11-26 23:53:04] [DEBUG   ] discord.gateway: Keeping shard ID None websocket alive with sequence 8.
[2025-11-26 23:53:04] [DEBUG   ] discord.gateway: For Shard ID None: WebSocket Event: {'t': None, 's': None, 'op': 11, 'd': None}
[2025-11-26 23:53:45] [DEBUG   ] discord.gateway: Keeping shard ID None websocket alive with sequence 8.
[2025-11-26 23:53:45] [DEBUG   ] discord.gateway: For Shard ID None: WebSocket Event: {'t': None, 's': None, 'op': 11, 'd': None}
[2025-11-26 23:54:26] [DEBUG   ] discord.gateway: Keeping shard ID None websocket alive with sequence 8.
[2025-11-26 23:54:26] [DEBUG   ] discord.gateway: For Shard ID None: WebSocket Event: {'t': None, 's': None, 'op': 11, 'd': None}
[2025-11-26 23:55:08] [DEBUG   ] discord.gateway: Keeping shard ID None websocket alive with sequence 8.
[2025-11-26 23:55:08] [DEBUG   ] discord.gateway: For Shard ID None: WebSocket Event: {'t': None, 's': None, 'op': 11, 'd': None}
[2025-11-26 23:55:49] [DEBUG   ] discord.gateway: Keeping shard ID None websocket alive with sequence 8.
[2025-11-26 23:55:49] [DEBUG   ] discord.gateway: For Shard ID None: WebSocket Event: {'t': None, 's': None, 'op': 11, 'd': None}
[2025-11-26 23:56:30] [DEBUG   ] discord.gateway: Keeping shard ID None websocket alive with sequence 8.
[2025-11-26 23:56:30] [DEBUG   ] discord.gateway: For Shard ID None: WebSocket Event: {'t': None, 's': None, 'op': 11, 'd': None}
[2025-11-26 23:57:11] [DEBUG   ] discord.gateway: Keeping shard ID None websocket alive with sequence 8.
[2025-11-26 23:57:11] [DEBUG   ] discord.gateway: For Shard ID None: WebSocket Event: {'t': None, 's': None, 'op': 11, 'd': None}
[2025-11-26 23:57:53] [DEBUG   ] discord.gateway: Keeping shard ID None websocket alive with sequence 8.
[2025-11-26 23:57:53] [DEBUG   ] discord.gateway: For Shard ID None: WebSocket Event: {'t': None, 's': None, 'op': 11, 'd': None}
[2025-11-26 23:58:34] [DEBUG   ] discord.gateway: Keeping shard ID None websocket alive with sequence 8.
[2025-11-26 23:58:34] [DEBUG   ] discord.gateway: For Shard ID None: WebSocket Event: {'t': None, 's': None, 'op': 11, 'd': None}
[2025-11-26 23:59:15] [DEBUG   ] discord.gateway: Keeping shard ID None websocket alive with sequence 8.
[2025-11-26 23:59:15] [DEBUG   ] discord.gateway: For Shard ID None: WebSocket Event: {'t': None, 's': None, 'op': 11, 'd': None}
[2025-11-26 23:59:56] [DEBUG   ] discord.gateway: Keeping shard ID None websocket alive with sequence 8.
[2025-11-26 23:59:56] [DEBUG   ] discord.gateway: For Shard ID None: WebSocket Event: {'t': None, 's': None, 'op': 11, 'd': None}
[2025-11-27 00:00:38] [DEBUG   ] discord.gateway: Keeping shard ID None websocket alive with sequence 8.
[2025-11-27 00:00:38] [DEBUG   ] discord.gateway: For Shard ID None: WebSocket Event: {'t': None, 's': None, 'op': 11, 'd': None}
[2025-11-27 00:01:19] [DEBUG   ] discord.gateway: Keeping shard ID None websocket alive with sequence 8.
[2025-11-27 00:01:19] [DEBUG   ] discord.gateway: For Shard ID None: WebSocket Event: {'t': None, 's': None, 'op': 11, 'd': None}
[2025-11-27 00:02:00] [DEBUG   ] discord.gateway: Keeping shard ID None websocket alive with sequence 8.
[2025-11-27 00:02:00] [DEBUG   ] discord.gateway: For Shard ID None: WebSocket Event: {'t': None, 's': None, 'op': 11, 'd': None}
[2025-11-27 00:02:41] [DEBUG   ] discord.gateway: Keeping shard ID None websocket alive with sequence 8.
[2025-11-27 00:02:41] [DEBUG   ] discord.gateway: For Shard ID None: WebSocket Event: {'t': None, 's': None, 'op': 11, 'd': None}
[2025-11-27 00:03:23] [DEBUG   ] discord.gateway: Keeping shard ID None websocket alive with sequence 8.
[2025-11-27 00:03:23] [DEBUG   ] discord.gateway: For Shard ID None: WebSocket Event: {'t': None, 's': None, 'op': 11, 'd': None}
[2025-11-27 00:04:04] [DEBUG   ] discord.gateway: Keeping shard ID None websocket alive with sequence 8.
[2025-11-27 00:04:04] [DEBUG   ] discord.gateway: For Shard ID None: WebSocket Event: {'t': None, 's': None, 'op': 11, 'd': None}
[2025-11-27 00:04:45] [DEBUG   ] discord.gateway: Keeping shard ID None websocket alive with sequence 8.
[2025-11-27 00:04:45] [DEBUG   ] discord.gateway: For Shard ID None: WebSocket Event: {'t': None, 's': None, 'op': 11, 'd': None}
[2025-11-27 00:05:26] [DEBUG   ] discord.gateway: Keeping shard ID None websocket alive with sequence 8.
[2025-11-27 00:05:27] [DEBUG   ] discord.gateway: For Shard ID None: WebSocket Event: {'t': None, 's': None, 'op': 11, 'd': None}
[2025-11-27 00:06:08] [DEBUG   ] discord.gateway: Keeping shard ID None websocket alive with sequence 8.
[2025-11-27 00:06:08] [DEBUG   ] discord.gateway: For Shard ID None: WebSocket Event: {'t': None, 's': None, 'op': 11, 'd': None}
[2025-11-27 00:06:49] [DEBUG   ] discord.gateway: Keeping shard ID None websocket alive with sequence 8.
[2025-11-27 00:06:49] [DEBUG   ] discord.gateway: For Shard ID None: WebSocket Event: {'t': None, 's': None, 'op': 11, 'd': None}
[2025-11-27 00:07:30] [DEBUG   ] discord.gateway: Keeping shard ID None websocket alive with sequence 8.
[2025-11-27 00:07:30] [DEBUG   ] discord.gateway: For Shard ID None: WebSocket Event: {'t': None, 's': None, 'op': 11, 'd': None}
[2025-11-27 00:08:11] [DEBUG   ] discord.gateway: Keeping shard ID None websocket alive with sequence 8.
[2025-11-27 00:08:12] [DEBUG   ] discord.gateway: For Shard ID None: WebSocket Event: {'t': None, 's': None, 'op': 11, 'd': None}
[2025-11-27 00:08:53] [DEBUG   ] discord.gateway: Keeping shard ID None websocket alive with sequence 8.
[2025-11-27 00:08:53] [DEBUG   ] discord.gateway: For Shard ID None: WebSocket Event: {'t': None, 's': None, 'op': 11, 'd': None}
[2025-11-27 00:09:34] [DEBUG   ] discord.gateway: Keeping shard ID None websocket alive with sequence 8.
[2025-11-27 00:09:34] [DEBUG   ] discord.gateway: For Shard ID None: WebSocket Event: {'t': None, 's': None, 'op': 11, 'd': None}
[2025-11-27 00:10:15] [DEBUG   ] discord.gateway: Keeping shard ID None websocket alive with sequence 8.
[2025-11-27 00:10:15] [DEBUG   ] discord.gateway: For Shard ID None: WebSocket Event: {'t': None, 's': None, 'op': 11, 'd': None}
[2025-11-27 00:10:56] [DEBUG   ] discord.gateway: Keeping shard ID None websocket alive with sequence 8.
[2025-11-27 00:10:57] [DEBUG   ] discord.gateway: For Shard ID None: WebSocket Event: {'t': None, 's': None, 'op': 11, 'd': None}
[2025-11-27 00:11:38] [DEBUG   ] discord.gateway: Keeping shard ID None websocket alive with sequence 8.
[2025-11-27 00:11:38] [DEBUG   ] discord.gateway: For Shard ID None: WebSocket Event: {'t': None, 's': None, 'op': 11, 'd': None}
[2025-11-27 00:12:19] [DEBUG   ] discord.gateway: Keeping shard ID None websocket alive with sequence 8.
[2025-11-27 00:12:19] [DEBUG   ] discord.gateway: For Shard ID None: WebSocket Event: {'t': None, 's': None, 'op': 11, 'd': None}
